<?xml version="1.0" encoding="UTF-8"?>
<testsuite xmlns:xsi="http://www.w3.org/2001/XMLSchema-instance" xsi:noNamespaceSchemaLocation="https://maven.apache.org/surefire/maven-surefire-plugin/xsd/surefire-test-report.xsd" name="org.macos.java.AppTest" time="0.111" tests="1" errors="0" skipped="0" failures="0">
  <properties>
    <property name="gopherProxySet" value="false"/>
    <property name="awt.toolkit" value="sun.lwawt.macosx.LWCToolkit"/>
    <property name="file.encoding.pkg" value="sun.io"/>
    <property name="java.specification.version" value="1.8"/>
    <property name="sun.cpu.isalist" value=""/>
    <property name="sun.jnu.encoding" value="UTF-8"/>
    <property name="java.class.path" value="/Users/yiche/Documents/mywksp/MacOS-Master/macos-bigdata/target/test-classes:/Users/yiche/Documents/mywksp/MacOS-Master/macos-bigdata/target/classes:/Users/yiche/Documents/software/apache-maven-3.6.0/repo/org/apache/spark/spark-core_2.11/2.2.0/spark-core_2.11-2.2.0.jar:/Users/yiche/Documents/software/apache-maven-3.6.0/repo/org/apache/avro/avro/1.7.7/avro-1.7.7.jar:/Users/yiche/Documents/software/apache-maven-3.6.0/repo/org/codehaus/jackson/jackson-core-asl/1.9.13/jackson-core-asl-1.9.13.jar:/Users/yiche/Documents/software/apache-maven-3.6.0/repo/org/codehaus/jackson/jackson-mapper-asl/1.9.13/jackson-mapper-asl-1.9.13.jar:/Users/yiche/Documents/software/apache-maven-3.6.0/repo/com/thoughtworks/paranamer/paranamer/2.3/paranamer-2.3.jar:/Users/yiche/Documents/software/apache-maven-3.6.0/repo/org/apache/commons/commons-compress/1.4.1/commons-compress-1.4.1.jar:/Users/yiche/Documents/software/apache-maven-3.6.0/repo/org/tukaani/xz/1.0/xz-1.0.jar:/Users/yiche/Documents/software/apache-maven-3.6.0/repo/org/apache/avro/avro-mapred/1.7.7/avro-mapred-1.7.7-hadoop2.jar:/Users/yiche/Documents/software/apache-maven-3.6.0/repo/org/apache/avro/avro-ipc/1.7.7/avro-ipc-1.7.7.jar:/Users/yiche/Documents/software/apache-maven-3.6.0/repo/org/apache/avro/avro-ipc/1.7.7/avro-ipc-1.7.7-tests.jar:/Users/yiche/Documents/software/apache-maven-3.6.0/repo/com/twitter/chill_2.11/0.8.0/chill_2.11-0.8.0.jar:/Users/yiche/Documents/software/apache-maven-3.6.0/repo/com/esotericsoftware/kryo-shaded/3.0.3/kryo-shaded-3.0.3.jar:/Users/yiche/Documents/software/apache-maven-3.6.0/repo/com/esotericsoftware/minlog/1.3.0/minlog-1.3.0.jar:/Users/yiche/Documents/software/apache-maven-3.6.0/repo/org/objenesis/objenesis/2.1/objenesis-2.1.jar:/Users/yiche/Documents/software/apache-maven-3.6.0/repo/com/twitter/chill-java/0.8.0/chill-java-0.8.0.jar:/Users/yiche/Documents/software/apache-maven-3.6.0/repo/org/apache/xbean/xbean-asm5-shaded/4.4/xbean-asm5-shaded-4.4.jar:/Users/yiche/Documents/software/apache-maven-3.6.0/repo/org/apache/hadoop/hadoop-client/2.6.5/hadoop-client-2.6.5.jar:/Users/yiche/Documents/software/apache-maven-3.6.0/repo/org/apache/hadoop/hadoop-common/2.6.5/hadoop-common-2.6.5.jar:/Users/yiche/Documents/software/apache-maven-3.6.0/repo/commons-cli/commons-cli/1.2/commons-cli-1.2.jar:/Users/yiche/Documents/software/apache-maven-3.6.0/repo/xmlenc/xmlenc/0.52/xmlenc-0.52.jar:/Users/yiche/Documents/software/apache-maven-3.6.0/repo/commons-httpclient/commons-httpclient/3.1/commons-httpclient-3.1.jar:/Users/yiche/Documents/software/apache-maven-3.6.0/repo/commons-io/commons-io/2.4/commons-io-2.4.jar:/Users/yiche/Documents/software/apache-maven-3.6.0/repo/commons-collections/commons-collections/3.2.2/commons-collections-3.2.2.jar:/Users/yiche/Documents/software/apache-maven-3.6.0/repo/commons-lang/commons-lang/2.6/commons-lang-2.6.jar:/Users/yiche/Documents/software/apache-maven-3.6.0/repo/commons-configuration/commons-configuration/1.6/commons-configuration-1.6.jar:/Users/yiche/Documents/software/apache-maven-3.6.0/repo/commons-digester/commons-digester/1.8/commons-digester-1.8.jar:/Users/yiche/Documents/software/apache-maven-3.6.0/repo/commons-beanutils/commons-beanutils/1.7.0/commons-beanutils-1.7.0.jar:/Users/yiche/Documents/software/apache-maven-3.6.0/repo/commons-beanutils/commons-beanutils-core/1.8.0/commons-beanutils-core-1.8.0.jar:/Users/yiche/Documents/software/apache-maven-3.6.0/repo/com/google/code/gson/gson/2.8.2/gson-2.8.2.jar:/Users/yiche/Documents/software/apache-maven-3.6.0/repo/org/apache/hadoop/hadoop-auth/2.6.5/hadoop-auth-2.6.5.jar:/Users/yiche/Documents/software/apache-maven-3.6.0/repo/org/apache/directory/server/apacheds-kerberos-codec/2.0.0-M15/apacheds-kerberos-codec-2.0.0-M15.jar:/Users/yiche/Documents/software/apache-maven-3.6.0/repo/org/apache/directory/server/apacheds-i18n/2.0.0-M15/apacheds-i18n-2.0.0-M15.jar:/Users/yiche/Documents/software/apache-maven-3.6.0/repo/org/apache/directory/api/api-asn1-api/1.0.0-M20/api-asn1-api-1.0.0-M20.jar:/Users/yiche/Documents/software/apache-maven-3.6.0/repo/org/apache/directory/api/api-util/1.0.0-M20/api-util-1.0.0-M20.jar:/Users/yiche/Documents/software/apache-maven-3.6.0/repo/org/apache/curator/curator-client/2.6.0/curator-client-2.6.0.jar:/Users/yiche/Documents/software/apache-maven-3.6.0/repo/org/htrace/htrace-core/3.0.4/htrace-core-3.0.4.jar:/Users/yiche/Documents/software/apache-maven-3.6.0/repo/org/apache/hadoop/hadoop-hdfs/2.6.5/hadoop-hdfs-2.6.5.jar:/Users/yiche/Documents/software/apache-maven-3.6.0/repo/org/mortbay/jetty/jetty-util/6.1.26/jetty-util-6.1.26.jar:/Users/yiche/Documents/software/apache-maven-3.6.0/repo/xerces/xercesImpl/2.9.1/xercesImpl-2.9.1.jar:/Users/yiche/Documents/software/apache-maven-3.6.0/repo/xml-apis/xml-apis/1.4.01/xml-apis-1.4.01.jar:/Users/yiche/Documents/software/apache-maven-3.6.0/repo/org/apache/hadoop/hadoop-mapreduce-client-app/2.6.5/hadoop-mapreduce-client-app-2.6.5.jar:/Users/yiche/Documents/software/apache-maven-3.6.0/repo/org/apache/hadoop/hadoop-mapreduce-client-common/2.6.5/hadoop-mapreduce-client-common-2.6.5.jar:/Users/yiche/Documents/software/apache-maven-3.6.0/repo/org/apache/hadoop/hadoop-yarn-client/2.6.5/hadoop-yarn-client-2.6.5.jar:/Users/yiche/Documents/software/apache-maven-3.6.0/repo/org/apache/hadoop/hadoop-yarn-server-common/2.6.5/hadoop-yarn-server-common-2.6.5.jar:/Users/yiche/Documents/software/apache-maven-3.6.0/repo/org/apache/hadoop/hadoop-mapreduce-client-shuffle/2.6.5/hadoop-mapreduce-client-shuffle-2.6.5.jar:/Users/yiche/Documents/software/apache-maven-3.6.0/repo/org/apache/hadoop/hadoop-yarn-api/2.6.5/hadoop-yarn-api-2.6.5.jar:/Users/yiche/Documents/software/apache-maven-3.6.0/repo/org/apache/hadoop/hadoop-mapreduce-client-core/2.6.5/hadoop-mapreduce-client-core-2.6.5.jar:/Users/yiche/Documents/software/apache-maven-3.6.0/repo/org/apache/hadoop/hadoop-yarn-common/2.6.5/hadoop-yarn-common-2.6.5.jar:/Users/yiche/Documents/software/apache-maven-3.6.0/repo/javax/xml/bind/jaxb-api/2.3.0/jaxb-api-2.3.0.jar:/Users/yiche/Documents/software/apache-maven-3.6.0/repo/org/codehaus/jackson/jackson-jaxrs/1.9.13/jackson-jaxrs-1.9.13.jar:/Users/yiche/Documents/software/apache-maven-3.6.0/repo/org/codehaus/jackson/jackson-xc/1.9.13/jackson-xc-1.9.13.jar:/Users/yiche/Documents/software/apache-maven-3.6.0/repo/org/apache/hadoop/hadoop-mapreduce-client-jobclient/2.6.5/hadoop-mapreduce-client-jobclient-2.6.5.jar:/Users/yiche/Documents/software/apache-maven-3.6.0/repo/org/apache/hadoop/hadoop-annotations/2.6.5/hadoop-annotations-2.6.5.jar:/Users/yiche/Documents/software/apache-maven-3.6.0/repo/org/apache/spark/spark-launcher_2.11/2.2.0/spark-launcher_2.11-2.2.0.jar:/Users/yiche/Documents/software/apache-maven-3.6.0/repo/org/apache/spark/spark-network-common_2.11/2.2.0/spark-network-common_2.11-2.2.0.jar:/Users/yiche/Documents/software/apache-maven-3.6.0/repo/org/fusesource/leveldbjni/leveldbjni-all/1.8/leveldbjni-all-1.8.jar:/Users/yiche/Documents/software/apache-maven-3.6.0/repo/com/fasterxml/jackson/core/jackson-annotations/2.9.0/jackson-annotations-2.9.0.jar:/Users/yiche/Documents/software/apache-maven-3.6.0/repo/org/apache/spark/spark-network-shuffle_2.11/2.2.0/spark-network-shuffle_2.11-2.2.0.jar:/Users/yiche/Documents/software/apache-maven-3.6.0/repo/org/apache/spark/spark-unsafe_2.11/2.2.0/spark-unsafe_2.11-2.2.0.jar:/Users/yiche/Documents/software/apache-maven-3.6.0/repo/net/java/dev/jets3t/jets3t/0.9.3/jets3t-0.9.3.jar:/Users/yiche/Documents/software/apache-maven-3.6.0/repo/org/apache/httpcomponents/httpcore/4.4.9/httpcore-4.4.9.jar:/Users/yiche/Documents/software/apache-maven-3.6.0/repo/org/apache/httpcomponents/httpclient/4.5.5/httpclient-4.5.5.jar:/Users/yiche/Documents/software/apache-maven-3.6.0/repo/commons-codec/commons-codec/1.11/commons-codec-1.11.jar:/Users/yiche/Documents/software/apache-maven-3.6.0/repo/javax/activation/activation/1.1.1/activation-1.1.1.jar:/Users/yiche/Documents/software/apache-maven-3.6.0/repo/mx4j/mx4j/3.0.2/mx4j-3.0.2.jar:/Users/yiche/Documents/software/apache-maven-3.6.0/repo/javax/mail/mail/1.4.7/mail-1.4.7.jar:/Users/yiche/Documents/software/apache-maven-3.6.0/repo/org/bouncycastle/bcprov-jdk15on/1.51/bcprov-jdk15on-1.51.jar:/Users/yiche/Documents/software/apache-maven-3.6.0/repo/com/jamesmurty/utils/java-xmlbuilder/1.0/java-xmlbuilder-1.0.jar:/Users/yiche/Documents/software/apache-maven-3.6.0/repo/net/iharder/base64/2.3.8/base64-2.3.8.jar:/Users/yiche/Documents/software/apache-maven-3.6.0/repo/org/apache/curator/curator-recipes/2.6.0/curator-recipes-2.6.0.jar:/Users/yiche/Documents/software/apache-maven-3.6.0/repo/org/apache/curator/curator-framework/2.6.0/curator-framework-2.6.0.jar:/Users/yiche/Documents/software/apache-maven-3.6.0/repo/org/apache/zookeeper/zookeeper/3.4.6/zookeeper-3.4.6.jar:/Users/yiche/Documents/software/apache-maven-3.6.0/repo/javax/servlet/javax.servlet-api/3.1.0/javax.servlet-api-3.1.0.jar:/Users/yiche/Documents/software/apache-maven-3.6.0/repo/org/apache/commons/commons-lang3/3.7/commons-lang3-3.7.jar:/Users/yiche/Documents/software/apache-maven-3.6.0/repo/org/apache/commons/commons-math3/3.4.1/commons-math3-3.4.1.jar:/Users/yiche/Documents/software/apache-maven-3.6.0/repo/com/google/code/findbugs/jsr305/1.3.9/jsr305-1.3.9.jar:/Users/yiche/Documents/software/apache-maven-3.6.0/repo/org/slf4j/slf4j-api/1.7.25/slf4j-api-1.7.25.jar:/Users/yiche/Documents/software/apache-maven-3.6.0/repo/org/slf4j/jul-to-slf4j/1.7.25/jul-to-slf4j-1.7.25.jar:/Users/yiche/Documents/software/apache-maven-3.6.0/repo/org/slf4j/jcl-over-slf4j/1.7.25/jcl-over-slf4j-1.7.25.jar:/Users/yiche/Documents/software/apache-maven-3.6.0/repo/log4j/log4j/1.2.17/log4j-1.2.17.jar:/Users/yiche/Documents/software/apache-maven-3.6.0/repo/org/slf4j/slf4j-log4j12/1.7.25/slf4j-log4j12-1.7.25.jar:/Users/yiche/Documents/software/apache-maven-3.6.0/repo/com/ning/compress-lzf/1.0.3/compress-lzf-1.0.3.jar:/Users/yiche/Documents/software/apache-maven-3.6.0/repo/org/xerial/snappy/snappy-java/1.1.2.6/snappy-java-1.1.2.6.jar:/Users/yiche/Documents/software/apache-maven-3.6.0/repo/net/jpountz/lz4/lz4/1.3.0/lz4-1.3.0.jar:/Users/yiche/Documents/software/apache-maven-3.6.0/repo/org/roaringbitmap/RoaringBitmap/0.5.11/RoaringBitmap-0.5.11.jar:/Users/yiche/Documents/software/apache-maven-3.6.0/repo/commons-net/commons-net/2.2/commons-net-2.2.jar:/Users/yiche/Documents/software/apache-maven-3.6.0/repo/org/scala-lang/scala-library/2.11.8/scala-library-2.11.8.jar:/Users/yiche/Documents/software/apache-maven-3.6.0/repo/org/json4s/json4s-jackson_2.11/3.2.11/json4s-jackson_2.11-3.2.11.jar:/Users/yiche/Documents/software/apache-maven-3.6.0/repo/org/json4s/json4s-core_2.11/3.2.11/json4s-core_2.11-3.2.11.jar:/Users/yiche/Documents/software/apache-maven-3.6.0/repo/org/json4s/json4s-ast_2.11/3.2.11/json4s-ast_2.11-3.2.11.jar:/Users/yiche/Documents/software/apache-maven-3.6.0/repo/org/scala-lang/scalap/2.11.0/scalap-2.11.0.jar:/Users/yiche/Documents/software/apache-maven-3.6.0/repo/org/scala-lang/scala-compiler/2.11.0/scala-compiler-2.11.0.jar:/Users/yiche/Documents/software/apache-maven-3.6.0/repo/org/scala-lang/modules/scala-xml_2.11/1.0.1/scala-xml_2.11-1.0.1.jar:/Users/yiche/Documents/software/apache-maven-3.6.0/repo/org/glassfish/jersey/core/jersey-client/2.26/jersey-client-2.26.jar:/Users/yiche/Documents/software/apache-maven-3.6.0/repo/javax/ws/rs/javax.ws.rs-api/2.1/javax.ws.rs-api-2.1.jar:/Users/yiche/Documents/software/apache-maven-3.6.0/repo/org/glassfish/hk2/external/javax.inject/2.5.0-b42/javax.inject-2.5.0-b42.jar:/Users/yiche/Documents/software/apache-maven-3.6.0/repo/org/glassfish/jersey/core/jersey-common/2.26/jersey-common-2.26.jar:/Users/yiche/Documents/software/apache-maven-3.6.0/repo/javax/annotation/javax.annotation-api/1.3.2/javax.annotation-api-1.3.2.jar:/Users/yiche/Documents/software/apache-maven-3.6.0/repo/org/glassfish/hk2/osgi-resource-locator/1.0.1/osgi-resource-locator-1.0.1.jar:/Users/yiche/Documents/software/apache-maven-3.6.0/repo/org/glassfish/jersey/core/jersey-server/2.26/jersey-server-2.26.jar:/Users/yiche/Documents/software/apache-maven-3.6.0/repo/org/glassfish/jersey/media/jersey-media-jaxb/2.26/jersey-media-jaxb-2.26.jar:/Users/yiche/Documents/software/apache-maven-3.6.0/repo/javax/validation/validation-api/2.0.1.Final/validation-api-2.0.1.Final.jar:/Users/yiche/Documents/software/apache-maven-3.6.0/repo/org/glassfish/jersey/containers/jersey-container-servlet/2.26/jersey-container-servlet-2.26.jar:/Users/yiche/Documents/software/apache-maven-3.6.0/repo/org/glassfish/jersey/containers/jersey-container-servlet-core/2.26/jersey-container-servlet-core-2.26.jar:/Users/yiche/Documents/software/apache-maven-3.6.0/repo/io/netty/netty-all/4.1.22.Final/netty-all-4.1.22.Final.jar:/Users/yiche/Documents/software/apache-maven-3.6.0/repo/io/netty/netty/3.9.9.Final/netty-3.9.9.Final.jar:/Users/yiche/Documents/software/apache-maven-3.6.0/repo/com/clearspring/analytics/stream/2.7.0/stream-2.7.0.jar:/Users/yiche/Documents/software/apache-maven-3.6.0/repo/io/dropwizard/metrics/metrics-core/3.2.6/metrics-core-3.2.6.jar:/Users/yiche/Documents/software/apache-maven-3.6.0/repo/io/dropwizard/metrics/metrics-jvm/3.2.6/metrics-jvm-3.2.6.jar:/Users/yiche/Documents/software/apache-maven-3.6.0/repo/io/dropwizard/metrics/metrics-json/3.2.6/metrics-json-3.2.6.jar:/Users/yiche/Documents/software/apache-maven-3.6.0/repo/io/dropwizard/metrics/metrics-graphite/3.2.6/metrics-graphite-3.2.6.jar:/Users/yiche/Documents/software/apache-maven-3.6.0/repo/com/fasterxml/jackson/core/jackson-databind/2.9.4/jackson-databind-2.9.4.jar:/Users/yiche/Documents/software/apache-maven-3.6.0/repo/com/fasterxml/jackson/core/jackson-core/2.9.4/jackson-core-2.9.4.jar:/Users/yiche/Documents/software/apache-maven-3.6.0/repo/com/fasterxml/jackson/module/jackson-module-scala_2.11/2.9.4/jackson-module-scala_2.11-2.9.4.jar:/Users/yiche/Documents/software/apache-maven-3.6.0/repo/org/scala-lang/scala-reflect/2.11.11/scala-reflect-2.11.11.jar:/Users/yiche/Documents/software/apache-maven-3.6.0/repo/com/fasterxml/jackson/module/jackson-module-paranamer/2.9.4/jackson-module-paranamer-2.9.4.jar:/Users/yiche/Documents/software/apache-maven-3.6.0/repo/org/apache/ivy/ivy/2.4.0/ivy-2.4.0.jar:/Users/yiche/Documents/software/apache-maven-3.6.0/repo/oro/oro/2.0.8/oro-2.0.8.jar:/Users/yiche/Documents/software/apache-maven-3.6.0/repo/net/razorvine/pyrolite/4.13/pyrolite-4.13.jar:/Users/yiche/Documents/software/apache-maven-3.6.0/repo/net/sf/py4j/py4j/0.10.4/py4j-0.10.4.jar:/Users/yiche/Documents/software/apache-maven-3.6.0/repo/org/apache/spark/spark-tags_2.11/2.2.0/spark-tags_2.11-2.2.0.jar:/Users/yiche/Documents/software/apache-maven-3.6.0/repo/org/apache/commons/commons-crypto/1.0.0/commons-crypto-1.0.0.jar:/Users/yiche/Documents/software/apache-maven-3.6.0/repo/org/spark-project/spark/unused/1.0.0/unused-1.0.0.jar:/Users/yiche/Documents/software/apache-maven-3.6.0/repo/org/apache/spark/spark-streaming_2.11/2.2.0/spark-streaming_2.11-2.2.0.jar:/Users/yiche/Documents/software/apache-maven-3.6.0/repo/org/apache/spark/spark-sql_2.11/2.2.0/spark-sql_2.11-2.2.0.jar:/Users/yiche/Documents/software/apache-maven-3.6.0/repo/com/univocity/univocity-parsers/2.2.1/univocity-parsers-2.2.1.jar:/Users/yiche/Documents/software/apache-maven-3.6.0/repo/org/apache/spark/spark-sketch_2.11/2.2.0/spark-sketch_2.11-2.2.0.jar:/Users/yiche/Documents/software/apache-maven-3.6.0/repo/org/apache/spark/spark-catalyst_2.11/2.2.0/spark-catalyst_2.11-2.2.0.jar:/Users/yiche/Documents/software/apache-maven-3.6.0/repo/org/codehaus/janino/janino/3.0.8/janino-3.0.8.jar:/Users/yiche/Documents/software/apache-maven-3.6.0/repo/org/codehaus/janino/commons-compiler/3.0.0/commons-compiler-3.0.0.jar:/Users/yiche/Documents/software/apache-maven-3.6.0/repo/org/antlr/antlr4-runtime/4.5.3/antlr4-runtime-4.5.3.jar:/Users/yiche/Documents/software/apache-maven-3.6.0/repo/org/apache/parquet/parquet-column/1.8.2/parquet-column-1.8.2.jar:/Users/yiche/Documents/software/apache-maven-3.6.0/repo/org/apache/parquet/parquet-common/1.8.2/parquet-common-1.8.2.jar:/Users/yiche/Documents/software/apache-maven-3.6.0/repo/org/apache/parquet/parquet-encoding/1.8.2/parquet-encoding-1.8.2.jar:/Users/yiche/Documents/software/apache-maven-3.6.0/repo/org/apache/parquet/parquet-hadoop/1.8.2/parquet-hadoop-1.8.2.jar:/Users/yiche/Documents/software/apache-maven-3.6.0/repo/org/apache/parquet/parquet-format/2.3.1/parquet-format-2.3.1.jar:/Users/yiche/Documents/software/apache-maven-3.6.0/repo/org/apache/parquet/parquet-jackson/1.8.2/parquet-jackson-1.8.2.jar:/Users/yiche/Documents/software/apache-maven-3.6.0/repo/org/apache/spark/spark-streaming-kafka-0-10_2.11/2.2.0/spark-streaming-kafka-0-10_2.11-2.2.0.jar:/Users/yiche/Documents/software/apache-maven-3.6.0/repo/org/apache/kafka/kafka_2.11/0.10.0.1/kafka_2.11-0.10.0.1.jar:/Users/yiche/Documents/software/apache-maven-3.6.0/repo/com/101tec/zkclient/0.8/zkclient-0.8.jar:/Users/yiche/Documents/software/apache-maven-3.6.0/repo/com/yammer/metrics/metrics-core/2.2.0/metrics-core-2.2.0.jar:/Users/yiche/Documents/software/apache-maven-3.6.0/repo/org/scala-lang/modules/scala-parser-combinators_2.11/1.0.4/scala-parser-combinators_2.11-1.0.4.jar:/Users/yiche/Documents/software/apache-maven-3.6.0/repo/org/apache/kafka/kafka-clients/0.10.0.1/kafka-clients-0.10.0.1.jar:/Users/yiche/Documents/software/apache-maven-3.6.0/repo/junit/junit/4.11/junit-4.11.jar:/Users/yiche/Documents/software/apache-maven-3.6.0/repo/org/hamcrest/hamcrest-core/1.3/hamcrest-core-1.3.jar:/Users/yiche/Documents/mywksp/MacOS-Master/macos-common/target/macos-common-2.7.1.jar:/Users/yiche/Documents/software/apache-maven-3.6.0/repo/org/drools/drools-core/7.20.0.Final/drools-core-7.20.0.Final.jar:/Users/yiche/Documents/software/apache-maven-3.6.0/repo/org/mvel/mvel2/2.4.4.Final/mvel2-2.4.4.Final.jar:/Users/yiche/Documents/software/apache-maven-3.6.0/repo/org/kie/kie-api/7.20.0.Final/kie-api-7.20.0.Final.jar:/Users/yiche/Documents/software/apache-maven-3.6.0/repo/org/kie/kie-internal/7.20.0.Final/kie-internal-7.20.0.Final.jar:/Users/yiche/Documents/software/apache-maven-3.6.0/repo/org/kie/soup/kie-soup-commons/7.20.0.Final/kie-soup-commons-7.20.0.Final.jar:/Users/yiche/Documents/software/apache-maven-3.6.0/repo/org/kie/soup/kie-soup-project-datamodel-commons/7.20.0.Final/kie-soup-project-datamodel-commons-7.20.0.Final.jar:/Users/yiche/Documents/software/apache-maven-3.6.0/repo/org/kie/soup/kie-soup-project-datamodel-api/7.20.0.Final/kie-soup-project-datamodel-api-7.20.0.Final.jar:/Users/yiche/Documents/software/apache-maven-3.6.0/repo/org/drools/drools-compiler/7.20.0.Final/drools-compiler-7.20.0.Final.jar:/Users/yiche/Documents/software/apache-maven-3.6.0/repo/org/kie/soup/kie-soup-maven-support/7.20.0.Final/kie-soup-maven-support-7.20.0.Final.jar:/Users/yiche/Documents/software/apache-maven-3.6.0/repo/org/antlr/antlr-runtime/3.5.2/antlr-runtime-3.5.2.jar:/Users/yiche/Documents/software/apache-maven-3.6.0/repo/org/eclipse/jdt/core/compiler/ecj/4.6.1/ecj-4.6.1.jar:/Users/yiche/Documents/software/apache-maven-3.6.0/repo/com/thoughtworks/xstream/xstream/1.4.10/xstream-1.4.10.jar:/Users/yiche/Documents/software/apache-maven-3.6.0/repo/xmlpull/xmlpull/1.1.3.1/xmlpull-1.1.3.1.jar:/Users/yiche/Documents/software/apache-maven-3.6.0/repo/xpp3/xpp3_min/1.1.4c/xpp3_min-1.1.4c.jar:/Users/yiche/Documents/software/apache-maven-3.6.0/repo/com/google/protobuf/protobuf-java/3.6.1/protobuf-java-3.6.1.jar:/Users/yiche/Documents/software/apache-maven-3.6.0/repo/org/kie/kie-spring/6.1.0.Final/kie-spring-6.1.0.Final.jar:/Users/yiche/Documents/software/apache-maven-3.6.0/repo/org/drools/drools-decisiontables/6.1.0.Final/drools-decisiontables-6.1.0.Final.jar:/Users/yiche/Documents/software/apache-maven-3.6.0/repo/org/drools/drools-templates/6.1.0.Final/drools-templates-6.1.0.Final.jar:/Users/yiche/Documents/software/apache-maven-3.6.0/repo/org/apache/poi/poi-ooxml/3.10-FINAL/poi-ooxml-3.10-FINAL.jar:/Users/yiche/Documents/software/apache-maven-3.6.0/repo/org/apache/poi/poi/3.10-FINAL/poi-3.10-FINAL.jar:/Users/yiche/Documents/software/apache-maven-3.6.0/repo/org/apache/poi/poi-ooxml-schemas/3.10-FINAL/poi-ooxml-schemas-3.10-FINAL.jar:/Users/yiche/Documents/software/apache-maven-3.6.0/repo/org/apache/xmlbeans/xmlbeans/2.3.0/xmlbeans-2.3.0.jar:/Users/yiche/Documents/software/apache-maven-3.6.0/repo/stax/stax-api/1.0.1/stax-api-1.0.1.jar:/Users/yiche/Documents/software/apache-maven-3.6.0/repo/dom4j/dom4j/1.6.1/dom4j-1.6.1.jar:/Users/yiche/Documents/software/apache-maven-3.6.0/repo/org/springframework/spring-core/5.0.4.RELEASE/spring-core-5.0.4.RELEASE.jar:/Users/yiche/Documents/software/apache-maven-3.6.0/repo/org/springframework/spring-jcl/5.0.4.RELEASE/spring-jcl-5.0.4.RELEASE.jar:/Users/yiche/Documents/software/apache-maven-3.6.0/repo/org/springframework/spring-beans/5.0.4.RELEASE/spring-beans-5.0.4.RELEASE.jar:/Users/yiche/Documents/software/apache-maven-3.6.0/repo/org/springframework/spring-context/5.0.4.RELEASE/spring-context-5.0.4.RELEASE.jar:/Users/yiche/Documents/software/apache-maven-3.6.0/repo/org/springframework/spring-aop/5.0.4.RELEASE/spring-aop-5.0.4.RELEASE.jar:/Users/yiche/Documents/software/apache-maven-3.6.0/repo/org/springframework/spring-expression/5.0.4.RELEASE/spring-expression-5.0.4.RELEASE.jar:/Users/yiche/Documents/software/apache-maven-3.6.0/repo/com/google/guava/guava/27.0-jre/guava-27.0-jre.jar:/Users/yiche/Documents/software/apache-maven-3.6.0/repo/com/google/guava/failureaccess/1.0/failureaccess-1.0.jar:/Users/yiche/Documents/software/apache-maven-3.6.0/repo/com/google/guava/listenablefuture/9999.0-empty-to-avoid-conflict-with-guava/listenablefuture-9999.0-empty-to-avoid-conflict-with-guava.jar:/Users/yiche/Documents/software/apache-maven-3.6.0/repo/org/checkerframework/checker-qual/2.5.2/checker-qual-2.5.2.jar:/Users/yiche/Documents/software/apache-maven-3.6.0/repo/com/google/errorprone/error_prone_annotations/2.2.0/error_prone_annotations-2.2.0.jar:/Users/yiche/Documents/software/apache-maven-3.6.0/repo/com/google/j2objc/j2objc-annotations/1.1/j2objc-annotations-1.1.jar:/Users/yiche/Documents/software/apache-maven-3.6.0/repo/org/codehaus/mojo/animal-sniffer-annotations/1.17/animal-sniffer-annotations-1.17.jar:/Users/yiche/Documents/software/apache-maven-3.6.0/repo/com/googlecode/javaewah/JavaEWAH/1.1.6/JavaEWAH-1.1.6.jar:"/>
    <property name="java.vm.vendor" value="Oracle Corporation"/>
    <property name="sun.arch.data.model" value="64"/>
    <property name="java.vendor.url" value="http://java.oracle.com/"/>
    <property name="user.timezone" value=""/>
    <property name="java.vm.specification.version" value="1.8"/>
    <property name="os.name" value="Mac OS X"/>
    <property name="user.country" value="CN"/>
    <property name="sun.java.launcher" value="SUN_STANDARD"/>
    <property name="sun.boot.library.path" value="/Library/Java/JavaVirtualMachines/jdk1.8.0_181.jdk/Contents/Home/jre/lib"/>
    <property name="sun.java.command" value="/Users/yiche/Documents/mywksp/MacOS-Master/macos-bigdata/target/surefire/surefirebooter4354399548378311627.jar /Users/yiche/Documents/mywksp/MacOS-Master/macos-bigdata/target/surefire 2019-05-31T17-52-03_475-jvmRun1 surefire9080350135648593346tmp surefire_13520919253985981041tmp"/>
    <property name="http.nonProxyHosts" value="local|*.local|169.254/16|*.169.254/16"/>
    <property name="surefire.test.class.path" value="/Users/yiche/Documents/mywksp/MacOS-Master/macos-bigdata/target/test-classes:/Users/yiche/Documents/mywksp/MacOS-Master/macos-bigdata/target/classes:/Users/yiche/Documents/software/apache-maven-3.6.0/repo/org/apache/spark/spark-core_2.11/2.2.0/spark-core_2.11-2.2.0.jar:/Users/yiche/Documents/software/apache-maven-3.6.0/repo/org/apache/avro/avro/1.7.7/avro-1.7.7.jar:/Users/yiche/Documents/software/apache-maven-3.6.0/repo/org/codehaus/jackson/jackson-core-asl/1.9.13/jackson-core-asl-1.9.13.jar:/Users/yiche/Documents/software/apache-maven-3.6.0/repo/org/codehaus/jackson/jackson-mapper-asl/1.9.13/jackson-mapper-asl-1.9.13.jar:/Users/yiche/Documents/software/apache-maven-3.6.0/repo/com/thoughtworks/paranamer/paranamer/2.3/paranamer-2.3.jar:/Users/yiche/Documents/software/apache-maven-3.6.0/repo/org/apache/commons/commons-compress/1.4.1/commons-compress-1.4.1.jar:/Users/yiche/Documents/software/apache-maven-3.6.0/repo/org/tukaani/xz/1.0/xz-1.0.jar:/Users/yiche/Documents/software/apache-maven-3.6.0/repo/org/apache/avro/avro-mapred/1.7.7/avro-mapred-1.7.7-hadoop2.jar:/Users/yiche/Documents/software/apache-maven-3.6.0/repo/org/apache/avro/avro-ipc/1.7.7/avro-ipc-1.7.7.jar:/Users/yiche/Documents/software/apache-maven-3.6.0/repo/org/apache/avro/avro-ipc/1.7.7/avro-ipc-1.7.7-tests.jar:/Users/yiche/Documents/software/apache-maven-3.6.0/repo/com/twitter/chill_2.11/0.8.0/chill_2.11-0.8.0.jar:/Users/yiche/Documents/software/apache-maven-3.6.0/repo/com/esotericsoftware/kryo-shaded/3.0.3/kryo-shaded-3.0.3.jar:/Users/yiche/Documents/software/apache-maven-3.6.0/repo/com/esotericsoftware/minlog/1.3.0/minlog-1.3.0.jar:/Users/yiche/Documents/software/apache-maven-3.6.0/repo/org/objenesis/objenesis/2.1/objenesis-2.1.jar:/Users/yiche/Documents/software/apache-maven-3.6.0/repo/com/twitter/chill-java/0.8.0/chill-java-0.8.0.jar:/Users/yiche/Documents/software/apache-maven-3.6.0/repo/org/apache/xbean/xbean-asm5-shaded/4.4/xbean-asm5-shaded-4.4.jar:/Users/yiche/Documents/software/apache-maven-3.6.0/repo/org/apache/hadoop/hadoop-client/2.6.5/hadoop-client-2.6.5.jar:/Users/yiche/Documents/software/apache-maven-3.6.0/repo/org/apache/hadoop/hadoop-common/2.6.5/hadoop-common-2.6.5.jar:/Users/yiche/Documents/software/apache-maven-3.6.0/repo/commons-cli/commons-cli/1.2/commons-cli-1.2.jar:/Users/yiche/Documents/software/apache-maven-3.6.0/repo/xmlenc/xmlenc/0.52/xmlenc-0.52.jar:/Users/yiche/Documents/software/apache-maven-3.6.0/repo/commons-httpclient/commons-httpclient/3.1/commons-httpclient-3.1.jar:/Users/yiche/Documents/software/apache-maven-3.6.0/repo/commons-io/commons-io/2.4/commons-io-2.4.jar:/Users/yiche/Documents/software/apache-maven-3.6.0/repo/commons-collections/commons-collections/3.2.2/commons-collections-3.2.2.jar:/Users/yiche/Documents/software/apache-maven-3.6.0/repo/commons-lang/commons-lang/2.6/commons-lang-2.6.jar:/Users/yiche/Documents/software/apache-maven-3.6.0/repo/commons-configuration/commons-configuration/1.6/commons-configuration-1.6.jar:/Users/yiche/Documents/software/apache-maven-3.6.0/repo/commons-digester/commons-digester/1.8/commons-digester-1.8.jar:/Users/yiche/Documents/software/apache-maven-3.6.0/repo/commons-beanutils/commons-beanutils/1.7.0/commons-beanutils-1.7.0.jar:/Users/yiche/Documents/software/apache-maven-3.6.0/repo/commons-beanutils/commons-beanutils-core/1.8.0/commons-beanutils-core-1.8.0.jar:/Users/yiche/Documents/software/apache-maven-3.6.0/repo/com/google/code/gson/gson/2.8.2/gson-2.8.2.jar:/Users/yiche/Documents/software/apache-maven-3.6.0/repo/org/apache/hadoop/hadoop-auth/2.6.5/hadoop-auth-2.6.5.jar:/Users/yiche/Documents/software/apache-maven-3.6.0/repo/org/apache/directory/server/apacheds-kerberos-codec/2.0.0-M15/apacheds-kerberos-codec-2.0.0-M15.jar:/Users/yiche/Documents/software/apache-maven-3.6.0/repo/org/apache/directory/server/apacheds-i18n/2.0.0-M15/apacheds-i18n-2.0.0-M15.jar:/Users/yiche/Documents/software/apache-maven-3.6.0/repo/org/apache/directory/api/api-asn1-api/1.0.0-M20/api-asn1-api-1.0.0-M20.jar:/Users/yiche/Documents/software/apache-maven-3.6.0/repo/org/apache/directory/api/api-util/1.0.0-M20/api-util-1.0.0-M20.jar:/Users/yiche/Documents/software/apache-maven-3.6.0/repo/org/apache/curator/curator-client/2.6.0/curator-client-2.6.0.jar:/Users/yiche/Documents/software/apache-maven-3.6.0/repo/org/htrace/htrace-core/3.0.4/htrace-core-3.0.4.jar:/Users/yiche/Documents/software/apache-maven-3.6.0/repo/org/apache/hadoop/hadoop-hdfs/2.6.5/hadoop-hdfs-2.6.5.jar:/Users/yiche/Documents/software/apache-maven-3.6.0/repo/org/mortbay/jetty/jetty-util/6.1.26/jetty-util-6.1.26.jar:/Users/yiche/Documents/software/apache-maven-3.6.0/repo/xerces/xercesImpl/2.9.1/xercesImpl-2.9.1.jar:/Users/yiche/Documents/software/apache-maven-3.6.0/repo/xml-apis/xml-apis/1.4.01/xml-apis-1.4.01.jar:/Users/yiche/Documents/software/apache-maven-3.6.0/repo/org/apache/hadoop/hadoop-mapreduce-client-app/2.6.5/hadoop-mapreduce-client-app-2.6.5.jar:/Users/yiche/Documents/software/apache-maven-3.6.0/repo/org/apache/hadoop/hadoop-mapreduce-client-common/2.6.5/hadoop-mapreduce-client-common-2.6.5.jar:/Users/yiche/Documents/software/apache-maven-3.6.0/repo/org/apache/hadoop/hadoop-yarn-client/2.6.5/hadoop-yarn-client-2.6.5.jar:/Users/yiche/Documents/software/apache-maven-3.6.0/repo/org/apache/hadoop/hadoop-yarn-server-common/2.6.5/hadoop-yarn-server-common-2.6.5.jar:/Users/yiche/Documents/software/apache-maven-3.6.0/repo/org/apache/hadoop/hadoop-mapreduce-client-shuffle/2.6.5/hadoop-mapreduce-client-shuffle-2.6.5.jar:/Users/yiche/Documents/software/apache-maven-3.6.0/repo/org/apache/hadoop/hadoop-yarn-api/2.6.5/hadoop-yarn-api-2.6.5.jar:/Users/yiche/Documents/software/apache-maven-3.6.0/repo/org/apache/hadoop/hadoop-mapreduce-client-core/2.6.5/hadoop-mapreduce-client-core-2.6.5.jar:/Users/yiche/Documents/software/apache-maven-3.6.0/repo/org/apache/hadoop/hadoop-yarn-common/2.6.5/hadoop-yarn-common-2.6.5.jar:/Users/yiche/Documents/software/apache-maven-3.6.0/repo/javax/xml/bind/jaxb-api/2.3.0/jaxb-api-2.3.0.jar:/Users/yiche/Documents/software/apache-maven-3.6.0/repo/org/codehaus/jackson/jackson-jaxrs/1.9.13/jackson-jaxrs-1.9.13.jar:/Users/yiche/Documents/software/apache-maven-3.6.0/repo/org/codehaus/jackson/jackson-xc/1.9.13/jackson-xc-1.9.13.jar:/Users/yiche/Documents/software/apache-maven-3.6.0/repo/org/apache/hadoop/hadoop-mapreduce-client-jobclient/2.6.5/hadoop-mapreduce-client-jobclient-2.6.5.jar:/Users/yiche/Documents/software/apache-maven-3.6.0/repo/org/apache/hadoop/hadoop-annotations/2.6.5/hadoop-annotations-2.6.5.jar:/Users/yiche/Documents/software/apache-maven-3.6.0/repo/org/apache/spark/spark-launcher_2.11/2.2.0/spark-launcher_2.11-2.2.0.jar:/Users/yiche/Documents/software/apache-maven-3.6.0/repo/org/apache/spark/spark-network-common_2.11/2.2.0/spark-network-common_2.11-2.2.0.jar:/Users/yiche/Documents/software/apache-maven-3.6.0/repo/org/fusesource/leveldbjni/leveldbjni-all/1.8/leveldbjni-all-1.8.jar:/Users/yiche/Documents/software/apache-maven-3.6.0/repo/com/fasterxml/jackson/core/jackson-annotations/2.9.0/jackson-annotations-2.9.0.jar:/Users/yiche/Documents/software/apache-maven-3.6.0/repo/org/apache/spark/spark-network-shuffle_2.11/2.2.0/spark-network-shuffle_2.11-2.2.0.jar:/Users/yiche/Documents/software/apache-maven-3.6.0/repo/org/apache/spark/spark-unsafe_2.11/2.2.0/spark-unsafe_2.11-2.2.0.jar:/Users/yiche/Documents/software/apache-maven-3.6.0/repo/net/java/dev/jets3t/jets3t/0.9.3/jets3t-0.9.3.jar:/Users/yiche/Documents/software/apache-maven-3.6.0/repo/org/apache/httpcomponents/httpcore/4.4.9/httpcore-4.4.9.jar:/Users/yiche/Documents/software/apache-maven-3.6.0/repo/org/apache/httpcomponents/httpclient/4.5.5/httpclient-4.5.5.jar:/Users/yiche/Documents/software/apache-maven-3.6.0/repo/commons-codec/commons-codec/1.11/commons-codec-1.11.jar:/Users/yiche/Documents/software/apache-maven-3.6.0/repo/javax/activation/activation/1.1.1/activation-1.1.1.jar:/Users/yiche/Documents/software/apache-maven-3.6.0/repo/mx4j/mx4j/3.0.2/mx4j-3.0.2.jar:/Users/yiche/Documents/software/apache-maven-3.6.0/repo/javax/mail/mail/1.4.7/mail-1.4.7.jar:/Users/yiche/Documents/software/apache-maven-3.6.0/repo/org/bouncycastle/bcprov-jdk15on/1.51/bcprov-jdk15on-1.51.jar:/Users/yiche/Documents/software/apache-maven-3.6.0/repo/com/jamesmurty/utils/java-xmlbuilder/1.0/java-xmlbuilder-1.0.jar:/Users/yiche/Documents/software/apache-maven-3.6.0/repo/net/iharder/base64/2.3.8/base64-2.3.8.jar:/Users/yiche/Documents/software/apache-maven-3.6.0/repo/org/apache/curator/curator-recipes/2.6.0/curator-recipes-2.6.0.jar:/Users/yiche/Documents/software/apache-maven-3.6.0/repo/org/apache/curator/curator-framework/2.6.0/curator-framework-2.6.0.jar:/Users/yiche/Documents/software/apache-maven-3.6.0/repo/org/apache/zookeeper/zookeeper/3.4.6/zookeeper-3.4.6.jar:/Users/yiche/Documents/software/apache-maven-3.6.0/repo/javax/servlet/javax.servlet-api/3.1.0/javax.servlet-api-3.1.0.jar:/Users/yiche/Documents/software/apache-maven-3.6.0/repo/org/apache/commons/commons-lang3/3.7/commons-lang3-3.7.jar:/Users/yiche/Documents/software/apache-maven-3.6.0/repo/org/apache/commons/commons-math3/3.4.1/commons-math3-3.4.1.jar:/Users/yiche/Documents/software/apache-maven-3.6.0/repo/com/google/code/findbugs/jsr305/1.3.9/jsr305-1.3.9.jar:/Users/yiche/Documents/software/apache-maven-3.6.0/repo/org/slf4j/slf4j-api/1.7.25/slf4j-api-1.7.25.jar:/Users/yiche/Documents/software/apache-maven-3.6.0/repo/org/slf4j/jul-to-slf4j/1.7.25/jul-to-slf4j-1.7.25.jar:/Users/yiche/Documents/software/apache-maven-3.6.0/repo/org/slf4j/jcl-over-slf4j/1.7.25/jcl-over-slf4j-1.7.25.jar:/Users/yiche/Documents/software/apache-maven-3.6.0/repo/log4j/log4j/1.2.17/log4j-1.2.17.jar:/Users/yiche/Documents/software/apache-maven-3.6.0/repo/org/slf4j/slf4j-log4j12/1.7.25/slf4j-log4j12-1.7.25.jar:/Users/yiche/Documents/software/apache-maven-3.6.0/repo/com/ning/compress-lzf/1.0.3/compress-lzf-1.0.3.jar:/Users/yiche/Documents/software/apache-maven-3.6.0/repo/org/xerial/snappy/snappy-java/1.1.2.6/snappy-java-1.1.2.6.jar:/Users/yiche/Documents/software/apache-maven-3.6.0/repo/net/jpountz/lz4/lz4/1.3.0/lz4-1.3.0.jar:/Users/yiche/Documents/software/apache-maven-3.6.0/repo/org/roaringbitmap/RoaringBitmap/0.5.11/RoaringBitmap-0.5.11.jar:/Users/yiche/Documents/software/apache-maven-3.6.0/repo/commons-net/commons-net/2.2/commons-net-2.2.jar:/Users/yiche/Documents/software/apache-maven-3.6.0/repo/org/scala-lang/scala-library/2.11.8/scala-library-2.11.8.jar:/Users/yiche/Documents/software/apache-maven-3.6.0/repo/org/json4s/json4s-jackson_2.11/3.2.11/json4s-jackson_2.11-3.2.11.jar:/Users/yiche/Documents/software/apache-maven-3.6.0/repo/org/json4s/json4s-core_2.11/3.2.11/json4s-core_2.11-3.2.11.jar:/Users/yiche/Documents/software/apache-maven-3.6.0/repo/org/json4s/json4s-ast_2.11/3.2.11/json4s-ast_2.11-3.2.11.jar:/Users/yiche/Documents/software/apache-maven-3.6.0/repo/org/scala-lang/scalap/2.11.0/scalap-2.11.0.jar:/Users/yiche/Documents/software/apache-maven-3.6.0/repo/org/scala-lang/scala-compiler/2.11.0/scala-compiler-2.11.0.jar:/Users/yiche/Documents/software/apache-maven-3.6.0/repo/org/scala-lang/modules/scala-xml_2.11/1.0.1/scala-xml_2.11-1.0.1.jar:/Users/yiche/Documents/software/apache-maven-3.6.0/repo/org/glassfish/jersey/core/jersey-client/2.26/jersey-client-2.26.jar:/Users/yiche/Documents/software/apache-maven-3.6.0/repo/javax/ws/rs/javax.ws.rs-api/2.1/javax.ws.rs-api-2.1.jar:/Users/yiche/Documents/software/apache-maven-3.6.0/repo/org/glassfish/hk2/external/javax.inject/2.5.0-b42/javax.inject-2.5.0-b42.jar:/Users/yiche/Documents/software/apache-maven-3.6.0/repo/org/glassfish/jersey/core/jersey-common/2.26/jersey-common-2.26.jar:/Users/yiche/Documents/software/apache-maven-3.6.0/repo/javax/annotation/javax.annotation-api/1.3.2/javax.annotation-api-1.3.2.jar:/Users/yiche/Documents/software/apache-maven-3.6.0/repo/org/glassfish/hk2/osgi-resource-locator/1.0.1/osgi-resource-locator-1.0.1.jar:/Users/yiche/Documents/software/apache-maven-3.6.0/repo/org/glassfish/jersey/core/jersey-server/2.26/jersey-server-2.26.jar:/Users/yiche/Documents/software/apache-maven-3.6.0/repo/org/glassfish/jersey/media/jersey-media-jaxb/2.26/jersey-media-jaxb-2.26.jar:/Users/yiche/Documents/software/apache-maven-3.6.0/repo/javax/validation/validation-api/2.0.1.Final/validation-api-2.0.1.Final.jar:/Users/yiche/Documents/software/apache-maven-3.6.0/repo/org/glassfish/jersey/containers/jersey-container-servlet/2.26/jersey-container-servlet-2.26.jar:/Users/yiche/Documents/software/apache-maven-3.6.0/repo/org/glassfish/jersey/containers/jersey-container-servlet-core/2.26/jersey-container-servlet-core-2.26.jar:/Users/yiche/Documents/software/apache-maven-3.6.0/repo/io/netty/netty-all/4.1.22.Final/netty-all-4.1.22.Final.jar:/Users/yiche/Documents/software/apache-maven-3.6.0/repo/io/netty/netty/3.9.9.Final/netty-3.9.9.Final.jar:/Users/yiche/Documents/software/apache-maven-3.6.0/repo/com/clearspring/analytics/stream/2.7.0/stream-2.7.0.jar:/Users/yiche/Documents/software/apache-maven-3.6.0/repo/io/dropwizard/metrics/metrics-core/3.2.6/metrics-core-3.2.6.jar:/Users/yiche/Documents/software/apache-maven-3.6.0/repo/io/dropwizard/metrics/metrics-jvm/3.2.6/metrics-jvm-3.2.6.jar:/Users/yiche/Documents/software/apache-maven-3.6.0/repo/io/dropwizard/metrics/metrics-json/3.2.6/metrics-json-3.2.6.jar:/Users/yiche/Documents/software/apache-maven-3.6.0/repo/io/dropwizard/metrics/metrics-graphite/3.2.6/metrics-graphite-3.2.6.jar:/Users/yiche/Documents/software/apache-maven-3.6.0/repo/com/fasterxml/jackson/core/jackson-databind/2.9.4/jackson-databind-2.9.4.jar:/Users/yiche/Documents/software/apache-maven-3.6.0/repo/com/fasterxml/jackson/core/jackson-core/2.9.4/jackson-core-2.9.4.jar:/Users/yiche/Documents/software/apache-maven-3.6.0/repo/com/fasterxml/jackson/module/jackson-module-scala_2.11/2.9.4/jackson-module-scala_2.11-2.9.4.jar:/Users/yiche/Documents/software/apache-maven-3.6.0/repo/org/scala-lang/scala-reflect/2.11.11/scala-reflect-2.11.11.jar:/Users/yiche/Documents/software/apache-maven-3.6.0/repo/com/fasterxml/jackson/module/jackson-module-paranamer/2.9.4/jackson-module-paranamer-2.9.4.jar:/Users/yiche/Documents/software/apache-maven-3.6.0/repo/org/apache/ivy/ivy/2.4.0/ivy-2.4.0.jar:/Users/yiche/Documents/software/apache-maven-3.6.0/repo/oro/oro/2.0.8/oro-2.0.8.jar:/Users/yiche/Documents/software/apache-maven-3.6.0/repo/net/razorvine/pyrolite/4.13/pyrolite-4.13.jar:/Users/yiche/Documents/software/apache-maven-3.6.0/repo/net/sf/py4j/py4j/0.10.4/py4j-0.10.4.jar:/Users/yiche/Documents/software/apache-maven-3.6.0/repo/org/apache/spark/spark-tags_2.11/2.2.0/spark-tags_2.11-2.2.0.jar:/Users/yiche/Documents/software/apache-maven-3.6.0/repo/org/apache/commons/commons-crypto/1.0.0/commons-crypto-1.0.0.jar:/Users/yiche/Documents/software/apache-maven-3.6.0/repo/org/spark-project/spark/unused/1.0.0/unused-1.0.0.jar:/Users/yiche/Documents/software/apache-maven-3.6.0/repo/org/apache/spark/spark-streaming_2.11/2.2.0/spark-streaming_2.11-2.2.0.jar:/Users/yiche/Documents/software/apache-maven-3.6.0/repo/org/apache/spark/spark-sql_2.11/2.2.0/spark-sql_2.11-2.2.0.jar:/Users/yiche/Documents/software/apache-maven-3.6.0/repo/com/univocity/univocity-parsers/2.2.1/univocity-parsers-2.2.1.jar:/Users/yiche/Documents/software/apache-maven-3.6.0/repo/org/apache/spark/spark-sketch_2.11/2.2.0/spark-sketch_2.11-2.2.0.jar:/Users/yiche/Documents/software/apache-maven-3.6.0/repo/org/apache/spark/spark-catalyst_2.11/2.2.0/spark-catalyst_2.11-2.2.0.jar:/Users/yiche/Documents/software/apache-maven-3.6.0/repo/org/codehaus/janino/janino/3.0.8/janino-3.0.8.jar:/Users/yiche/Documents/software/apache-maven-3.6.0/repo/org/codehaus/janino/commons-compiler/3.0.0/commons-compiler-3.0.0.jar:/Users/yiche/Documents/software/apache-maven-3.6.0/repo/org/antlr/antlr4-runtime/4.5.3/antlr4-runtime-4.5.3.jar:/Users/yiche/Documents/software/apache-maven-3.6.0/repo/org/apache/parquet/parquet-column/1.8.2/parquet-column-1.8.2.jar:/Users/yiche/Documents/software/apache-maven-3.6.0/repo/org/apache/parquet/parquet-common/1.8.2/parquet-common-1.8.2.jar:/Users/yiche/Documents/software/apache-maven-3.6.0/repo/org/apache/parquet/parquet-encoding/1.8.2/parquet-encoding-1.8.2.jar:/Users/yiche/Documents/software/apache-maven-3.6.0/repo/org/apache/parquet/parquet-hadoop/1.8.2/parquet-hadoop-1.8.2.jar:/Users/yiche/Documents/software/apache-maven-3.6.0/repo/org/apache/parquet/parquet-format/2.3.1/parquet-format-2.3.1.jar:/Users/yiche/Documents/software/apache-maven-3.6.0/repo/org/apache/parquet/parquet-jackson/1.8.2/parquet-jackson-1.8.2.jar:/Users/yiche/Documents/software/apache-maven-3.6.0/repo/org/apache/spark/spark-streaming-kafka-0-10_2.11/2.2.0/spark-streaming-kafka-0-10_2.11-2.2.0.jar:/Users/yiche/Documents/software/apache-maven-3.6.0/repo/org/apache/kafka/kafka_2.11/0.10.0.1/kafka_2.11-0.10.0.1.jar:/Users/yiche/Documents/software/apache-maven-3.6.0/repo/com/101tec/zkclient/0.8/zkclient-0.8.jar:/Users/yiche/Documents/software/apache-maven-3.6.0/repo/com/yammer/metrics/metrics-core/2.2.0/metrics-core-2.2.0.jar:/Users/yiche/Documents/software/apache-maven-3.6.0/repo/org/scala-lang/modules/scala-parser-combinators_2.11/1.0.4/scala-parser-combinators_2.11-1.0.4.jar:/Users/yiche/Documents/software/apache-maven-3.6.0/repo/org/apache/kafka/kafka-clients/0.10.0.1/kafka-clients-0.10.0.1.jar:/Users/yiche/Documents/software/apache-maven-3.6.0/repo/junit/junit/4.11/junit-4.11.jar:/Users/yiche/Documents/software/apache-maven-3.6.0/repo/org/hamcrest/hamcrest-core/1.3/hamcrest-core-1.3.jar:/Users/yiche/Documents/mywksp/MacOS-Master/macos-common/target/macos-common-2.7.1.jar:/Users/yiche/Documents/software/apache-maven-3.6.0/repo/org/drools/drools-core/7.20.0.Final/drools-core-7.20.0.Final.jar:/Users/yiche/Documents/software/apache-maven-3.6.0/repo/org/mvel/mvel2/2.4.4.Final/mvel2-2.4.4.Final.jar:/Users/yiche/Documents/software/apache-maven-3.6.0/repo/org/kie/kie-api/7.20.0.Final/kie-api-7.20.0.Final.jar:/Users/yiche/Documents/software/apache-maven-3.6.0/repo/org/kie/kie-internal/7.20.0.Final/kie-internal-7.20.0.Final.jar:/Users/yiche/Documents/software/apache-maven-3.6.0/repo/org/kie/soup/kie-soup-commons/7.20.0.Final/kie-soup-commons-7.20.0.Final.jar:/Users/yiche/Documents/software/apache-maven-3.6.0/repo/org/kie/soup/kie-soup-project-datamodel-commons/7.20.0.Final/kie-soup-project-datamodel-commons-7.20.0.Final.jar:/Users/yiche/Documents/software/apache-maven-3.6.0/repo/org/kie/soup/kie-soup-project-datamodel-api/7.20.0.Final/kie-soup-project-datamodel-api-7.20.0.Final.jar:/Users/yiche/Documents/software/apache-maven-3.6.0/repo/org/drools/drools-compiler/7.20.0.Final/drools-compiler-7.20.0.Final.jar:/Users/yiche/Documents/software/apache-maven-3.6.0/repo/org/kie/soup/kie-soup-maven-support/7.20.0.Final/kie-soup-maven-support-7.20.0.Final.jar:/Users/yiche/Documents/software/apache-maven-3.6.0/repo/org/antlr/antlr-runtime/3.5.2/antlr-runtime-3.5.2.jar:/Users/yiche/Documents/software/apache-maven-3.6.0/repo/org/eclipse/jdt/core/compiler/ecj/4.6.1/ecj-4.6.1.jar:/Users/yiche/Documents/software/apache-maven-3.6.0/repo/com/thoughtworks/xstream/xstream/1.4.10/xstream-1.4.10.jar:/Users/yiche/Documents/software/apache-maven-3.6.0/repo/xmlpull/xmlpull/1.1.3.1/xmlpull-1.1.3.1.jar:/Users/yiche/Documents/software/apache-maven-3.6.0/repo/xpp3/xpp3_min/1.1.4c/xpp3_min-1.1.4c.jar:/Users/yiche/Documents/software/apache-maven-3.6.0/repo/com/google/protobuf/protobuf-java/3.6.1/protobuf-java-3.6.1.jar:/Users/yiche/Documents/software/apache-maven-3.6.0/repo/org/kie/kie-spring/6.1.0.Final/kie-spring-6.1.0.Final.jar:/Users/yiche/Documents/software/apache-maven-3.6.0/repo/org/drools/drools-decisiontables/6.1.0.Final/drools-decisiontables-6.1.0.Final.jar:/Users/yiche/Documents/software/apache-maven-3.6.0/repo/org/drools/drools-templates/6.1.0.Final/drools-templates-6.1.0.Final.jar:/Users/yiche/Documents/software/apache-maven-3.6.0/repo/org/apache/poi/poi-ooxml/3.10-FINAL/poi-ooxml-3.10-FINAL.jar:/Users/yiche/Documents/software/apache-maven-3.6.0/repo/org/apache/poi/poi/3.10-FINAL/poi-3.10-FINAL.jar:/Users/yiche/Documents/software/apache-maven-3.6.0/repo/org/apache/poi/poi-ooxml-schemas/3.10-FINAL/poi-ooxml-schemas-3.10-FINAL.jar:/Users/yiche/Documents/software/apache-maven-3.6.0/repo/org/apache/xmlbeans/xmlbeans/2.3.0/xmlbeans-2.3.0.jar:/Users/yiche/Documents/software/apache-maven-3.6.0/repo/stax/stax-api/1.0.1/stax-api-1.0.1.jar:/Users/yiche/Documents/software/apache-maven-3.6.0/repo/dom4j/dom4j/1.6.1/dom4j-1.6.1.jar:/Users/yiche/Documents/software/apache-maven-3.6.0/repo/org/springframework/spring-core/5.0.4.RELEASE/spring-core-5.0.4.RELEASE.jar:/Users/yiche/Documents/software/apache-maven-3.6.0/repo/org/springframework/spring-jcl/5.0.4.RELEASE/spring-jcl-5.0.4.RELEASE.jar:/Users/yiche/Documents/software/apache-maven-3.6.0/repo/org/springframework/spring-beans/5.0.4.RELEASE/spring-beans-5.0.4.RELEASE.jar:/Users/yiche/Documents/software/apache-maven-3.6.0/repo/org/springframework/spring-context/5.0.4.RELEASE/spring-context-5.0.4.RELEASE.jar:/Users/yiche/Documents/software/apache-maven-3.6.0/repo/org/springframework/spring-aop/5.0.4.RELEASE/spring-aop-5.0.4.RELEASE.jar:/Users/yiche/Documents/software/apache-maven-3.6.0/repo/org/springframework/spring-expression/5.0.4.RELEASE/spring-expression-5.0.4.RELEASE.jar:/Users/yiche/Documents/software/apache-maven-3.6.0/repo/com/google/guava/guava/27.0-jre/guava-27.0-jre.jar:/Users/yiche/Documents/software/apache-maven-3.6.0/repo/com/google/guava/failureaccess/1.0/failureaccess-1.0.jar:/Users/yiche/Documents/software/apache-maven-3.6.0/repo/com/google/guava/listenablefuture/9999.0-empty-to-avoid-conflict-with-guava/listenablefuture-9999.0-empty-to-avoid-conflict-with-guava.jar:/Users/yiche/Documents/software/apache-maven-3.6.0/repo/org/checkerframework/checker-qual/2.5.2/checker-qual-2.5.2.jar:/Users/yiche/Documents/software/apache-maven-3.6.0/repo/com/google/errorprone/error_prone_annotations/2.2.0/error_prone_annotations-2.2.0.jar:/Users/yiche/Documents/software/apache-maven-3.6.0/repo/com/google/j2objc/j2objc-annotations/1.1/j2objc-annotations-1.1.jar:/Users/yiche/Documents/software/apache-maven-3.6.0/repo/org/codehaus/mojo/animal-sniffer-annotations/1.17/animal-sniffer-annotations-1.17.jar:/Users/yiche/Documents/software/apache-maven-3.6.0/repo/com/googlecode/javaewah/JavaEWAH/1.1.6/JavaEWAH-1.1.6.jar:"/>
    <property name="sun.cpu.endian" value="little"/>
    <property name="user.home" value="/Users/yiche"/>
    <property name="user.language" value="zh"/>
    <property name="java.specification.vendor" value="Oracle Corporation"/>
    <property name="java.home" value="/Library/Java/JavaVirtualMachines/jdk1.8.0_181.jdk/Contents/Home/jre"/>
    <property name="basedir" value="/Users/yiche/Documents/mywksp/MacOS-Master/macos-bigdata"/>
    <property name="file.separator" value="/"/>
    <property name="line.separator" value="&#10;"/>
    <property name="java.vm.specification.vendor" value="Oracle Corporation"/>
    <property name="java.specification.name" value="Java Platform API Specification"/>
    <property name="java.awt.graphicsenv" value="sun.awt.CGraphicsEnvironment"/>
    <property name="surefire.real.class.path" value="/Users/yiche/Documents/mywksp/MacOS-Master/macos-bigdata/target/surefire/surefirebooter4354399548378311627.jar"/>
    <property name="sun.boot.class.path" value="/Library/Java/JavaVirtualMachines/jdk1.8.0_181.jdk/Contents/Home/jre/lib/resources.jar:/Library/Java/JavaVirtualMachines/jdk1.8.0_181.jdk/Contents/Home/jre/lib/rt.jar:/Library/Java/JavaVirtualMachines/jdk1.8.0_181.jdk/Contents/Home/jre/lib/sunrsasign.jar:/Library/Java/JavaVirtualMachines/jdk1.8.0_181.jdk/Contents/Home/jre/lib/jsse.jar:/Library/Java/JavaVirtualMachines/jdk1.8.0_181.jdk/Contents/Home/jre/lib/jce.jar:/Library/Java/JavaVirtualMachines/jdk1.8.0_181.jdk/Contents/Home/jre/lib/charsets.jar:/Library/Java/JavaVirtualMachines/jdk1.8.0_181.jdk/Contents/Home/jre/lib/jfr.jar:/Library/Java/JavaVirtualMachines/jdk1.8.0_181.jdk/Contents/Home/jre/classes"/>
    <property name="sun.management.compiler" value="HotSpot 64-Bit Tiered Compilers"/>
    <property name="ftp.nonProxyHosts" value="local|*.local|169.254/16|*.169.254/16"/>
    <property name="java.runtime.version" value="1.8.0_181-b13"/>
    <property name="user.name" value="yiche"/>
    <property name="path.separator" value=":"/>
    <property name="os.version" value="10.13.3"/>
    <property name="java.endorsed.dirs" value="/Library/Java/JavaVirtualMachines/jdk1.8.0_181.jdk/Contents/Home/jre/lib/endorsed"/>
    <property name="java.runtime.name" value="Java(TM) SE Runtime Environment"/>
    <property name="file.encoding" value="UTF-8"/>
    <property name="java.vm.name" value="Java HotSpot(TM) 64-Bit Server VM"/>
    <property name="localRepository" value="/Users/yiche/Documents/software/apache-maven-3.6.0/repo"/>
    <property name="java.vendor.url.bug" value="http://bugreport.sun.com/bugreport/"/>
    <property name="java.io.tmpdir" value="/var/folders/m6/l5q3hp4d24d4vk4xplkcnhmh0000gn/T/"/>
    <property name="java.version" value="1.8.0_181"/>
    <property name="user.dir" value="/Users/yiche/Documents/mywksp/MacOS-Master/macos-bigdata"/>
    <property name="os.arch" value="x86_64"/>
    <property name="java.vm.specification.name" value="Java Virtual Machine Specification"/>
    <property name="java.awt.printerjob" value="sun.lwawt.macosx.CPrinterJob"/>
    <property name="idea.version2019.1.3" value="true"/>
    <property name="sun.os.patch.level" value="unknown"/>
    <property name="java.library.path" value="/Users/yiche/Library/Java/Extensions:/Library/Java/Extensions:/Network/Library/Java/Extensions:/System/Library/Java/Extensions:/usr/lib/java:."/>
    <property name="java.vm.info" value="mixed mode"/>
    <property name="java.vendor" value="Oracle Corporation"/>
    <property name="java.vm.version" value="25.181-b13"/>
    <property name="java.ext.dirs" value="/Users/yiche/Library/Java/Extensions:/Library/Java/JavaVirtualMachines/jdk1.8.0_181.jdk/Contents/Home/jre/lib/ext:/Library/Java/Extensions:/Network/Library/Java/Extensions:/System/Library/Java/Extensions:/usr/lib/java"/>
    <property name="sun.io.unicode.encoding" value="UnicodeBig"/>
    <property name="maven.repo.local" value="/Users/yiche/Documents/software/apache-maven-3.6.0/repo"/>
    <property name="java.class.version" value="52.0"/>
    <property name="socksNonProxyHosts" value="local|*.local|169.254/16|*.169.254/16"/>
  </properties>
  <testcase name="shouldAnswerWithTrue" classname="org.macos.java.AppTest" time="0.002"/>
</testsuite>